{"C:\\Users\\justi\\OneDrive\\Documents\\Capstone\\DONaid\\server\\src\\app.js": {"path":"C:\\Users\\justi\\OneDrive\\Documents\\Capstone\\DONaid\\server\\src\\app.js","statementMap":{"0":{"start":{"line":1,"column":16},"end":{"line":1,"column":34}},"1":{"start":{"line":2,"column":13},"end":{"line":2,"column":28}},"2":{"start":{"line":4,"column":27},"end":{"line":4,"column":65}},"3":{"start":{"line":6,"column":19},"end":{"line":6,"column":49}},"4":{"start":{"line":7,"column":20},"end":{"line":7,"column":50}},"5":{"start":{"line":8,"column":19},"end":{"line":8,"column":50}},"6":{"start":{"line":10,"column":12},"end":{"line":10,"column":21}},"7":{"start":{"line":13,"column":0},"end":{"line":13,"column":40}},"8":{"start":{"line":14,"column":0},"end":{"line":14,"column":24}},"9":{"start":{"line":17,"column":0},"end":{"line":20,"column":2}},"10":{"start":{"line":23,"column":0},"end":{"line":23,"column":33}},"11":{"start":{"line":24,"column":0},"end":{"line":24,"column":35}},"12":{"start":{"line":25,"column":0},"end":{"line":25,"column":33}},"13":{"start":{"line":28,"column":0},"end":{"line":28,"column":61}},"14":{"start":{"line":28,"column":37},"end":{"line":28,"column":59}},"15":{"start":{"line":30,"column":0},"end":{"line":30,"column":25}}},"fnMap":{"0":{"name":"(anonymous_0)","decl":{"start":{"line":28,"column":23},"end":{"line":28,"column":24}},"loc":{"start":{"line":28,"column":37},"end":{"line":28,"column":59}},"line":28}},"branchMap":{"0":{"loc":{"start":{"line":19,"column":42},"end":{"line":19,"column":77}},"type":"binary-expr","locations":[{"start":{"line":19,"column":42},"end":{"line":19,"column":64}},{"start":{"line":19,"column":68},"end":{"line":19,"column":77}}],"line":19}},"s":{"0":1,"1":1,"2":1,"3":1,"4":1,"5":1,"6":1,"7":1,"8":1,"9":1,"10":1,"11":1,"12":1,"13":1,"14":0,"15":1},"f":{"0":0},"b":{"0":[1,0]},"_coverageSchema":"1a1c01bbd47fc00a2c39e90264f33305004495a9","hash":"343bd2dc9465eb3d0eb3ac78cc0e55d2a1cdfdb5"}
,"C:\\Users\\justi\\OneDrive\\Documents\\Capstone\\DONaid\\server\\src\\dbConnect.js": {"path":"C:\\Users\\justi\\OneDrive\\Documents\\Capstone\\DONaid\\server\\src\\dbConnect.js","statementMap":{"0":{"start":{"line":2,"column":22},"end":{"line":2,"column":42}},"1":{"start":{"line":3,"column":13},"end":{"line":3,"column":28}},"2":{"start":{"line":4,"column":11},"end":{"line":4,"column":24}},"3":{"start":{"line":8,"column":2},"end":{"line":10,"column":38}},"4":{"start":{"line":12,"column":0},"end":{"line":16,"column":1}},"5":{"start":{"line":13,"column":2},"end":{"line":13,"column":46}},"6":{"start":{"line":15,"column":2},"end":{"line":15,"column":29}},"7":{"start":{"line":18,"column":18},"end":{"line":28,"column":1}},"8":{"start":{"line":30,"column":0},"end":{"line":30,"column":31}}},"fnMap":{},"branchMap":{"0":{"loc":{"start":{"line":8,"column":2},"end":{"line":10,"column":38}},"type":"cond-expr","locations":[{"start":{"line":9,"column":6},"end":{"line":9,"column":43}},{"start":{"line":10,"column":6},"end":{"line":10,"column":38}}],"line":8},"1":{"loc":{"start":{"line":12,"column":0},"end":{"line":16,"column":1}},"type":"if","locations":[{"start":{"line":12,"column":0},"end":{"line":16,"column":1}},{"start":{"line":14,"column":7},"end":{"line":16,"column":1}}],"line":12},"2":{"loc":{"start":{"line":24,"column":17},"end":{"line":24,"column":44}},"type":"binary-expr","locations":[{"start":{"line":24,"column":17},"end":{"line":24,"column":36}},{"start":{"line":24,"column":40},"end":{"line":24,"column":44}}],"line":24}},"s":{"0":1,"1":1,"2":1,"3":1,"4":1,"5":1,"6":0,"7":1,"8":1},"f":{},"b":{"0":[1,0],"1":[1,0],"2":[1,0]},"_coverageSchema":"1a1c01bbd47fc00a2c39e90264f33305004495a9","hash":"041c161a5257183f07836e199265664fef7da6f4"}
,"C:\\Users\\justi\\OneDrive\\Documents\\Capstone\\DONaid\\server\\src\\controllers\\authController.js": {"path":"C:\\Users\\justi\\OneDrive\\Documents\\Capstone\\DONaid\\server\\src\\controllers\\authController.js","statementMap":{"0":{"start":{"line":1,"column":15},"end":{"line":1,"column":32}},"1":{"start":{"line":2,"column":26},"end":{"line":2,"column":46}},"2":{"start":{"line":3,"column":41},"end":{"line":3,"column":71}},"3":{"start":{"line":6,"column":2},"end":{"line":6,"column":48}},"4":{"start":{"line":10,"column":12},"end":{"line":10,"column":26}},"5":{"start":{"line":11,"column":2},"end":{"line":11,"column":32}},"6":{"start":{"line":12,"column":2},"end":{"line":12,"column":11}},"7":{"start":{"line":16,"column":2},"end":{"line":37,"column":3}},"8":{"start":{"line":17,"column":45},"end":{"line":17,"column":53}},"9":{"start":{"line":19,"column":4},"end":{"line":23,"column":5}},"10":{"start":{"line":20,"column":6},"end":{"line":22,"column":72}},"11":{"start":{"line":25,"column":21},"end":{"line":25,"column":61}},"12":{"start":{"line":26,"column":4},"end":{"line":27,"column":75}},"13":{"start":{"line":27,"column":6},"end":{"line":27,"column":75}},"14":{"start":{"line":29,"column":25},"end":{"line":29,"column":47}},"15":{"start":{"line":30,"column":17},"end":{"line":30,"column":72}},"16":{"start":{"line":32,"column":4},"end":{"line":34,"column":79}},"17":{"start":{"line":36,"column":4},"end":{"line":36,"column":77}},"18":{"start":{"line":41,"column":2},"end":{"line":65,"column":3}},"19":{"start":{"line":42,"column":32},"end":{"line":42,"column":40}},"20":{"start":{"line":43,"column":4},"end":{"line":44,"column":78}},"21":{"start":{"line":44,"column":6},"end":{"line":44,"column":78}},"22":{"start":{"line":46,"column":17},"end":{"line":46,"column":57}},"23":{"start":{"line":47,"column":4},"end":{"line":47,"column":79}},"24":{"start":{"line":47,"column":15},"end":{"line":47,"column":79}},"25":{"start":{"line":49,"column":15},"end":{"line":49,"column":58}},"26":{"start":{"line":50,"column":4},"end":{"line":50,"column":77}},"27":{"start":{"line":50,"column":13},"end":{"line":50,"column":77}},"28":{"start":{"line":52,"column":18},"end":{"line":52,"column":29}},"29":{"start":{"line":53,"column":17},"end":{"line":53,"column":54}},"30":{"start":{"line":54,"column":22},"end":{"line":54,"column":47}},"31":{"start":{"line":56,"column":4},"end":{"line":56,"column":64}},"32":{"start":{"line":58,"column":4},"end":{"line":62,"column":7}},"33":{"start":{"line":64,"column":4},"end":{"line":64,"column":74}},"34":{"start":{"line":69,"column":2},"end":{"line":73,"column":5}},"35":{"start":{"line":77,"column":2},"end":{"line":82,"column":3}},"36":{"start":{"line":78,"column":4},"end":{"line":78,"column":59}},"37":{"start":{"line":79,"column":4},"end":{"line":79,"column":40}},"38":{"start":{"line":81,"column":4},"end":{"line":81,"column":75}},"39":{"start":{"line":85,"column":0},"end":{"line":85,"column":49}}},"fnMap":{"0":{"name":"makeToken","decl":{"start":{"line":5,"column":9},"end":{"line":5,"column":18}},"loc":{"start":{"line":5,"column":21},"end":{"line":7,"column":1}},"line":5},"1":{"name":"addDays","decl":{"start":{"line":9,"column":9},"end":{"line":9,"column":16}},"loc":{"start":{"line":9,"column":29},"end":{"line":13,"column":1}},"line":9},"2":{"name":"register","decl":{"start":{"line":15,"column":15},"end":{"line":15,"column":23}},"loc":{"start":{"line":15,"column":34},"end":{"line":38,"column":1}},"line":15},"3":{"name":"login","decl":{"start":{"line":40,"column":15},"end":{"line":40,"column":20}},"loc":{"start":{"line":40,"column":31},"end":{"line":66,"column":1}},"line":40},"4":{"name":"me","decl":{"start":{"line":68,"column":15},"end":{"line":68,"column":17}},"loc":{"start":{"line":68,"column":28},"end":{"line":74,"column":1}},"line":68},"5":{"name":"logout","decl":{"start":{"line":76,"column":15},"end":{"line":76,"column":21}},"loc":{"start":{"line":76,"column":32},"end":{"line":83,"column":1}},"line":76}},"branchMap":{"0":{"loc":{"start":{"line":19,"column":4},"end":{"line":23,"column":5}},"type":"if","locations":[{"start":{"line":19,"column":4},"end":{"line":23,"column":5}},{"start":{},"end":{}}],"line":19},"1":{"loc":{"start":{"line":19,"column":8},"end":{"line":19,"column":43}},"type":"binary-expr","locations":[{"start":{"line":19,"column":8},"end":{"line":19,"column":14}},{"start":{"line":19,"column":18},"end":{"line":19,"column":30}},{"start":{"line":19,"column":34},"end":{"line":19,"column":43}}],"line":19},"2":{"loc":{"start":{"line":26,"column":4},"end":{"line":27,"column":75}},"type":"if","locations":[{"start":{"line":26,"column":4},"end":{"line":27,"column":75}},{"start":{},"end":{}}],"line":26},"3":{"loc":{"start":{"line":43,"column":4},"end":{"line":44,"column":78}},"type":"if","locations":[{"start":{"line":43,"column":4},"end":{"line":44,"column":78}},{"start":{},"end":{}}],"line":43},"4":{"loc":{"start":{"line":43,"column":8},"end":{"line":43,"column":27}},"type":"binary-expr","locations":[{"start":{"line":43,"column":8},"end":{"line":43,"column":14}},{"start":{"line":43,"column":18},"end":{"line":43,"column":27}}],"line":43},"5":{"loc":{"start":{"line":47,"column":4},"end":{"line":47,"column":79}},"type":"if","locations":[{"start":{"line":47,"column":4},"end":{"line":47,"column":79}},{"start":{},"end":{}}],"line":47},"6":{"loc":{"start":{"line":50,"column":4},"end":{"line":50,"column":77}},"type":"if","locations":[{"start":{"line":50,"column":4},"end":{"line":50,"column":77}},{"start":{},"end":{}}],"line":50},"7":{"loc":{"start":{"line":53,"column":24},"end":{"line":53,"column":53}},"type":"binary-expr","locations":[{"start":{"line":53,"column":24},"end":{"line":53,"column":48}},{"start":{"line":53,"column":52},"end":{"line":53,"column":53}}],"line":53}},"s":{"0":1,"1":1,"2":1,"3":0,"4":0,"5":0,"6":0,"7":2,"8":2,"9":2,"10":0,"11":2,"12":0,"13":0,"14":0,"15":0,"16":0,"17":2,"18":1,"19":1,"20":1,"21":0,"22":1,"23":0,"24":0,"25":0,"26":0,"27":0,"28":0,"29":0,"30":0,"31":0,"32":0,"33":1,"34":0,"35":0,"36":0,"37":0,"38":0,"39":1},"f":{"0":0,"1":0,"2":2,"3":1,"4":0,"5":0},"b":{"0":[0,2],"1":[2,2,2],"2":[0,0],"3":[0,1],"4":[1,1],"5":[0,0],"6":[0,0],"7":[0,0]},"_coverageSchema":"1a1c01bbd47fc00a2c39e90264f33305004495a9","hash":"e1ea1c432a8ddb1476b0fd16f6200f53d8a95217"}
,"C:\\Users\\justi\\OneDrive\\Documents\\Capstone\\DONaid\\server\\src\\controllers\\chatController.js": {"path":"C:\\Users\\justi\\OneDrive\\Documents\\Capstone\\DONaid\\server\\src\\controllers\\chatController.js","statementMap":{"0":{"start":{"line":2,"column":30},"end":{"line":2,"column":50}},"1":{"start":{"line":5,"column":21},"end":{"line":5,"column":31}},"2":{"start":{"line":7,"column":19},"end":{"line":17,"column":4}},"3":{"start":{"line":19,"column":2},"end":{"line":19,"column":21}},"4":{"start":{"line":23,"column":2},"end":{"line":41,"column":3}},"5":{"start":{"line":24,"column":23},"end":{"line":24,"column":33}},"6":{"start":{"line":25,"column":21},"end":{"line":25,"column":29}},"7":{"start":{"line":27,"column":4},"end":{"line":28,"column":72}},"8":{"start":{"line":28,"column":6},"end":{"line":28,"column":72}},"9":{"start":{"line":30,"column":16},"end":{"line":34,"column":6}},"10":{"start":{"line":36,"column":4},"end":{"line":36,"column":30}},"11":{"start":{"line":38,"column":4},"end":{"line":40,"column":70}},"12":{"start":{"line":44,"column":0},"end":{"line":44,"column":49}}},"fnMap":{"0":{"name":"listMessages","decl":{"start":{"line":4,"column":15},"end":{"line":4,"column":27}},"loc":{"start":{"line":4,"column":38},"end":{"line":20,"column":1}},"line":4},"1":{"name":"createMessage","decl":{"start":{"line":22,"column":15},"end":{"line":22,"column":28}},"loc":{"start":{"line":22,"column":39},"end":{"line":42,"column":1}},"line":22}},"branchMap":{"0":{"loc":{"start":{"line":27,"column":4},"end":{"line":28,"column":72}},"type":"if","locations":[{"start":{"line":27,"column":4},"end":{"line":28,"column":72}},{"start":{},"end":{}}],"line":27}},"s":{"0":1,"1":0,"2":0,"3":0,"4":0,"5":0,"6":0,"7":0,"8":0,"9":0,"10":0,"11":0,"12":1},"f":{"0":0,"1":0},"b":{"0":[0,0]},"_coverageSchema":"1a1c01bbd47fc00a2c39e90264f33305004495a9","hash":"72feaac4c15e950840c1afeef183f92cbc7e1b36"}
,"C:\\Users\\justi\\OneDrive\\Documents\\Capstone\\DONaid\\server\\src\\controllers\\itemController.js": {"path":"C:\\Users\\justi\\OneDrive\\Documents\\Capstone\\DONaid\\server\\src\\controllers\\itemController.js","statementMap":{"0":{"start":{"line":2,"column":13},"end":{"line":2,"column":28}},"1":{"start":{"line":3,"column":23},"end":{"line":3,"column":43}},"2":{"start":{"line":4,"column":29},"end":{"line":4,"column":61}},"3":{"start":{"line":7,"column":16},"end":{"line":12,"column":4}},"4":{"start":{"line":13,"column":2},"end":{"line":13,"column":18}},"5":{"start":{"line":17,"column":15},"end":{"line":21,"column":4}},"6":{"start":{"line":22,"column":2},"end":{"line":22,"column":72}},"7":{"start":{"line":22,"column":13},"end":{"line":22,"column":72}},"8":{"start":{"line":23,"column":2},"end":{"line":23,"column":17}},"9":{"start":{"line":27,"column":2},"end":{"line":55,"column":3}},"10":{"start":{"line":29,"column":6},"end":{"line":29,"column":14}},"11":{"start":{"line":30,"column":4},"end":{"line":33,"column":61}},"12":{"start":{"line":31,"column":6},"end":{"line":33,"column":61}},"13":{"start":{"line":35,"column":23},"end":{"line":38,"column":5}},"14":{"start":{"line":39,"column":21},"end":{"line":41,"column":12}},"15":{"start":{"line":43,"column":17},"end":{"line":50,"column":6}},"16":{"start":{"line":52,"column":4},"end":{"line":52,"column":31}},"17":{"start":{"line":54,"column":4},"end":{"line":54,"column":80}},"18":{"start":{"line":59,"column":2},"end":{"line":78,"column":3}},"19":{"start":{"line":60,"column":17},"end":{"line":60,"column":51}},"20":{"start":{"line":61,"column":4},"end":{"line":61,"column":74}},"21":{"start":{"line":61,"column":15},"end":{"line":61,"column":74}},"22":{"start":{"line":62,"column":4},"end":{"line":63,"column":62}},"23":{"start":{"line":63,"column":6},"end":{"line":63,"column":62}},"24":{"start":{"line":65,"column":68},"end":{"line":65,"column":76}},"25":{"start":{"line":67,"column":4},"end":{"line":73,"column":7}},"26":{"start":{"line":75,"column":4},"end":{"line":75,"column":19}},"27":{"start":{"line":77,"column":4},"end":{"line":77,"column":80}},"28":{"start":{"line":82,"column":15},"end":{"line":82,"column":49}},"29":{"start":{"line":83,"column":2},"end":{"line":83,"column":72}},"30":{"start":{"line":83,"column":13},"end":{"line":83,"column":72}},"31":{"start":{"line":84,"column":2},"end":{"line":85,"column":60}},"32":{"start":{"line":85,"column":4},"end":{"line":85,"column":60}},"33":{"start":{"line":87,"column":2},"end":{"line":87,"column":23}},"34":{"start":{"line":88,"column":2},"end":{"line":88,"column":40}},"35":{"start":{"line":91,"column":0},"end":{"line":91,"column":76}}},"fnMap":{"0":{"name":"listItems","decl":{"start":{"line":6,"column":15},"end":{"line":6,"column":24}},"loc":{"start":{"line":6,"column":35},"end":{"line":14,"column":1}},"line":6},"1":{"name":"getItem","decl":{"start":{"line":16,"column":15},"end":{"line":16,"column":22}},"loc":{"start":{"line":16,"column":33},"end":{"line":24,"column":1}},"line":16},"2":{"name":"createItem","decl":{"start":{"line":26,"column":15},"end":{"line":26,"column":25}},"loc":{"start":{"line":26,"column":36},"end":{"line":56,"column":1}},"line":26},"3":{"name":"updateItem","decl":{"start":{"line":58,"column":15},"end":{"line":58,"column":25}},"loc":{"start":{"line":58,"column":36},"end":{"line":79,"column":1}},"line":58},"4":{"name":"deleteItem","decl":{"start":{"line":81,"column":15},"end":{"line":81,"column":25}},"loc":{"start":{"line":81,"column":36},"end":{"line":89,"column":1}},"line":81}},"branchMap":{"0":{"loc":{"start":{"line":22,"column":2},"end":{"line":22,"column":72}},"type":"if","locations":[{"start":{"line":22,"column":2},"end":{"line":22,"column":72}},{"start":{},"end":{}}],"line":22},"1":{"loc":{"start":{"line":30,"column":4},"end":{"line":33,"column":61}},"type":"if","locations":[{"start":{"line":30,"column":4},"end":{"line":33,"column":61}},{"start":{},"end":{}}],"line":30},"2":{"loc":{"start":{"line":30,"column":8},"end":{"line":30,"column":30}},"type":"binary-expr","locations":[{"start":{"line":30,"column":8},"end":{"line":30,"column":14}},{"start":{"line":30,"column":18},"end":{"line":30,"column":30}}],"line":30},"3":{"loc":{"start":{"line":37,"column":6},"end":{"line":37,"column":41}},"type":"binary-expr","locations":[{"start":{"line":37,"column":6},"end":{"line":37,"column":28}},{"start":{"line":37,"column":32},"end":{"line":37,"column":41}}],"line":37},"4":{"loc":{"start":{"line":39,"column":21},"end":{"line":41,"column":12}},"type":"cond-expr","locations":[{"start":{"line":40,"column":8},"end":{"line":40,"column":50}},{"start":{"line":41,"column":8},"end":{"line":41,"column":12}}],"line":39},"5":{"loc":{"start":{"line":47,"column":16},"end":{"line":47,"column":32}},"type":"binary-expr","locations":[{"start":{"line":47,"column":16},"end":{"line":47,"column":24}},{"start":{"line":47,"column":28},"end":{"line":47,"column":32}}],"line":47},"6":{"loc":{"start":{"line":48,"column":21},"end":{"line":48,"column":42}},"type":"binary-expr","locations":[{"start":{"line":48,"column":21},"end":{"line":48,"column":34}},{"start":{"line":48,"column":38},"end":{"line":48,"column":42}}],"line":48},"7":{"loc":{"start":{"line":61,"column":4},"end":{"line":61,"column":74}},"type":"if","locations":[{"start":{"line":61,"column":4},"end":{"line":61,"column":74}},{"start":{},"end":{}}],"line":61},"8":{"loc":{"start":{"line":62,"column":4},"end":{"line":63,"column":62}},"type":"if","locations":[{"start":{"line":62,"column":4},"end":{"line":63,"column":62}},{"start":{},"end":{}}],"line":62},"9":{"loc":{"start":{"line":68,"column":13},"end":{"line":68,"column":32}},"type":"binary-expr","locations":[{"start":{"line":68,"column":13},"end":{"line":68,"column":18}},{"start":{"line":68,"column":22},"end":{"line":68,"column":32}}],"line":68},"10":{"loc":{"start":{"line":69,"column":19},"end":{"line":69,"column":50}},"type":"binary-expr","locations":[{"start":{"line":69,"column":19},"end":{"line":69,"column":30}},{"start":{"line":69,"column":34},"end":{"line":69,"column":50}}],"line":69},"11":{"loc":{"start":{"line":70,"column":16},"end":{"line":70,"column":41}},"type":"binary-expr","locations":[{"start":{"line":70,"column":16},"end":{"line":70,"column":24}},{"start":{"line":70,"column":28},"end":{"line":70,"column":41}}],"line":70},"12":{"loc":{"start":{"line":71,"column":21},"end":{"line":71,"column":56}},"type":"binary-expr","locations":[{"start":{"line":71,"column":21},"end":{"line":71,"column":34}},{"start":{"line":71,"column":38},"end":{"line":71,"column":56}}],"line":71},"13":{"loc":{"start":{"line":72,"column":14},"end":{"line":72,"column":35}},"type":"binary-expr","locations":[{"start":{"line":72,"column":14},"end":{"line":72,"column":20}},{"start":{"line":72,"column":24},"end":{"line":72,"column":35}}],"line":72},"14":{"loc":{"start":{"line":83,"column":2},"end":{"line":83,"column":72}},"type":"if","locations":[{"start":{"line":83,"column":2},"end":{"line":83,"column":72}},{"start":{},"end":{}}],"line":83},"15":{"loc":{"start":{"line":84,"column":2},"end":{"line":85,"column":60}},"type":"if","locations":[{"start":{"line":84,"column":2},"end":{"line":85,"column":60}},{"start":{},"end":{}}],"line":84}},"s":{"0":1,"1":1,"2":1,"3":0,"4":0,"5":0,"6":0,"7":0,"8":0,"9":0,"10":0,"11":0,"12":0,"13":0,"14":0,"15":0,"16":0,"17":0,"18":0,"19":0,"20":0,"21":0,"22":0,"23":0,"24":0,"25":0,"26":0,"27":0,"28":0,"29":0,"30":0,"31":0,"32":0,"33":0,"34":0,"35":1},"f":{"0":0,"1":0,"2":0,"3":0,"4":0},"b":{"0":[0,0],"1":[0,0],"2":[0,0],"3":[0,0],"4":[0,0],"5":[0,0],"6":[0,0],"7":[0,0],"8":[0,0],"9":[0,0],"10":[0,0],"11":[0,0],"12":[0,0],"13":[0,0],"14":[0,0],"15":[0,0]},"_coverageSchema":"1a1c01bbd47fc00a2c39e90264f33305004495a9","hash":"3a04dec0b04d6d17144a6f76826ddbcda5232b7a"}
,"C:\\Users\\justi\\OneDrive\\Documents\\Capstone\\DONaid\\server\\src\\middleware\\authMiddleware.js": {"path":"C:\\Users\\justi\\OneDrive\\Documents\\Capstone\\DONaid\\server\\src\\middleware\\authMiddleware.js","statementMap":{"0":{"start":{"line":1,"column":26},"end":{"line":1,"column":46}},"1":{"start":{"line":4,"column":2},"end":{"line":22,"column":3}},"2":{"start":{"line":5,"column":17},"end":{"line":5,"column":48}},"3":{"start":{"line":6,"column":18},"end":{"line":6,"column":74}},"4":{"start":{"line":7,"column":4},"end":{"line":7,"column":79}},"5":{"start":{"line":7,"column":16},"end":{"line":7,"column":79}},"6":{"start":{"line":9,"column":20},"end":{"line":9,"column":78}},"7":{"start":{"line":10,"column":4},"end":{"line":10,"column":76}},"8":{"start":{"line":10,"column":18},"end":{"line":10,"column":76}},"9":{"start":{"line":12,"column":4},"end":{"line":15,"column":5}},"10":{"start":{"line":13,"column":6},"end":{"line":13,"column":30}},"11":{"start":{"line":14,"column":6},"end":{"line":14,"column":66}},"12":{"start":{"line":17,"column":4},"end":{"line":17,"column":28}},"13":{"start":{"line":18,"column":4},"end":{"line":18,"column":22}},"14":{"start":{"line":19,"column":4},"end":{"line":19,"column":11}},"15":{"start":{"line":21,"column":4},"end":{"line":21,"column":72}},"16":{"start":{"line":25,"column":0},"end":{"line":25,"column":33}}},"fnMap":{"0":{"name":"requireAuth","decl":{"start":{"line":3,"column":15},"end":{"line":3,"column":26}},"loc":{"start":{"line":3,"column":43},"end":{"line":23,"column":1}},"line":3}},"branchMap":{"0":{"loc":{"start":{"line":5,"column":17},"end":{"line":5,"column":48}},"type":"binary-expr","locations":[{"start":{"line":5,"column":17},"end":{"line":5,"column":42}},{"start":{"line":5,"column":46},"end":{"line":5,"column":48}}],"line":5},"1":{"loc":{"start":{"line":6,"column":18},"end":{"line":6,"column":74}},"type":"cond-expr","locations":[{"start":{"line":6,"column":47},"end":{"line":6,"column":67}},{"start":{"line":6,"column":70},"end":{"line":6,"column":74}}],"line":6},"2":{"loc":{"start":{"line":7,"column":4},"end":{"line":7,"column":79}},"type":"if","locations":[{"start":{"line":7,"column":4},"end":{"line":7,"column":79}},{"start":{},"end":{}}],"line":7},"3":{"loc":{"start":{"line":10,"column":4},"end":{"line":10,"column":76}},"type":"if","locations":[{"start":{"line":10,"column":4},"end":{"line":10,"column":76}},{"start":{},"end":{}}],"line":10},"4":{"loc":{"start":{"line":12,"column":4},"end":{"line":15,"column":5}},"type":"if","locations":[{"start":{"line":12,"column":4},"end":{"line":15,"column":5}},{"start":{},"end":{}}],"line":12}},"s":{"0":1,"1":0,"2":0,"3":0,"4":0,"5":0,"6":0,"7":0,"8":0,"9":0,"10":0,"11":0,"12":0,"13":0,"14":0,"15":0,"16":1},"f":{"0":0},"b":{"0":[0,0],"1":[0,0],"2":[0,0],"3":[0,0],"4":[0,0]},"_coverageSchema":"1a1c01bbd47fc00a2c39e90264f33305004495a9","hash":"61bd76d22a7ec650c382dff4b150b212429c163c"}
,"C:\\Users\\justi\\OneDrive\\Documents\\Capstone\\DONaid\\server\\src\\middleware\\corsMiddleware.js": {"path":"C:\\Users\\justi\\OneDrive\\Documents\\Capstone\\DONaid\\server\\src\\middleware\\corsMiddleware.js","statementMap":{"0":{"start":{"line":2,"column":17},"end":{"line":2,"column":69}},"1":{"start":{"line":4,"column":2},"end":{"line":4,"column":52}},"2":{"start":{"line":5,"column":2},"end":{"line":5,"column":57}},"3":{"start":{"line":6,"column":2},"end":{"line":6,"column":76}},"4":{"start":{"line":7,"column":2},"end":{"line":7,"column":76}},"5":{"start":{"line":9,"column":2},"end":{"line":9,"column":59}},"6":{"start":{"line":9,"column":32},"end":{"line":9,"column":59}},"7":{"start":{"line":10,"column":2},"end":{"line":10,"column":9}},"8":{"start":{"line":13,"column":0},"end":{"line":13,"column":36}}},"fnMap":{"0":{"name":"corsMiddleware","decl":{"start":{"line":1,"column":9},"end":{"line":1,"column":23}},"loc":{"start":{"line":1,"column":40},"end":{"line":11,"column":1}},"line":1}},"branchMap":{"0":{"loc":{"start":{"line":2,"column":17},"end":{"line":2,"column":69}},"type":"binary-expr","locations":[{"start":{"line":2,"column":17},"end":{"line":2,"column":42}},{"start":{"line":2,"column":46},"end":{"line":2,"column":69}}],"line":2},"1":{"loc":{"start":{"line":9,"column":2},"end":{"line":9,"column":59}},"type":"if","locations":[{"start":{"line":9,"column":2},"end":{"line":9,"column":59}},{"start":{},"end":{}}],"line":9}},"s":{"0":3,"1":3,"2":3,"3":3,"4":3,"5":3,"6":0,"7":3,"8":1},"f":{"0":3},"b":{"0":[3,0],"1":[0,3]},"_coverageSchema":"1a1c01bbd47fc00a2c39e90264f33305004495a9","hash":"a2ca25a5b8a783334566d87ba8b65267ab26c5ae"}
,"C:\\Users\\justi\\OneDrive\\Documents\\Capstone\\DONaid\\server\\src\\models\\chatMessage.js": {"path":"C:\\Users\\justi\\OneDrive\\Documents\\Capstone\\DONaid\\server\\src\\models\\chatMessage.js","statementMap":{"0":{"start":{"line":1,"column":22},"end":{"line":1,"column":42}},"1":{"start":{"line":3,"column":0},"end":{"line":9,"column":2}},"2":{"start":{"line":4,"column":22},"end":{"line":6,"column":4}},"3":{"start":{"line":8,"column":2},"end":{"line":8,"column":21}}},"fnMap":{"0":{"name":"(anonymous_0)","decl":{"start":{"line":3,"column":17},"end":{"line":3,"column":18}},"loc":{"start":{"line":3,"column":32},"end":{"line":9,"column":1}},"line":3}},"branchMap":{},"s":{"0":1,"1":1,"2":1,"3":1},"f":{"0":1},"b":{},"_coverageSchema":"1a1c01bbd47fc00a2c39e90264f33305004495a9","hash":"771b62481e90c41077fc6dd90b0497ace79a7791"}
,"C:\\Users\\justi\\OneDrive\\Documents\\Capstone\\DONaid\\server\\src\\models\\index.js": {"path":"C:\\Users\\justi\\OneDrive\\Documents\\Capstone\\DONaid\\server\\src\\models\\index.js","statementMap":{"0":{"start":{"line":3,"column":22},"end":{"line":3,"column":45}},"1":{"start":{"line":5,"column":20},"end":{"line":5,"column":37}},"2":{"start":{"line":6,"column":23},"end":{"line":6,"column":43}},"3":{"start":{"line":7,"column":20},"end":{"line":7,"column":37}},"4":{"start":{"line":8,"column":27},"end":{"line":8,"column":51}},"5":{"start":{"line":10,"column":13},"end":{"line":10,"column":35}},"6":{"start":{"line":11,"column":16},"end":{"line":11,"column":41}},"7":{"start":{"line":12,"column":13},"end":{"line":12,"column":35}},"8":{"start":{"line":13,"column":20},"end":{"line":13,"column":49}},"9":{"start":{"line":16,"column":0},"end":{"line":16,"column":67}},"10":{"start":{"line":17,"column":0},"end":{"line":17,"column":61}},"11":{"start":{"line":19,"column":0},"end":{"line":19,"column":69}},"12":{"start":{"line":20,"column":0},"end":{"line":20,"column":50}},"13":{"start":{"line":22,"column":0},"end":{"line":22,"column":73}},"14":{"start":{"line":23,"column":0},"end":{"line":23,"column":54}},"15":{"start":{"line":25,"column":0},"end":{"line":25,"column":77}},"16":{"start":{"line":26,"column":0},"end":{"line":26,"column":74}},"17":{"start":{"line":28,"column":0},"end":{"line":28,"column":65}}},"fnMap":{},"branchMap":{},"s":{"0":1,"1":1,"2":1,"3":1,"4":1,"5":1,"6":1,"7":1,"8":1,"9":1,"10":1,"11":1,"12":1,"13":1,"14":1,"15":1,"16":1,"17":1},"f":{},"b":{},"_coverageSchema":"1a1c01bbd47fc00a2c39e90264f33305004495a9","hash":"079f716b320093789b3caf310978b99ee14034b4"}
,"C:\\Users\\justi\\OneDrive\\Documents\\Capstone\\DONaid\\server\\src\\models\\item.js": {"path":"C:\\Users\\justi\\OneDrive\\Documents\\Capstone\\DONaid\\server\\src\\models\\item.js","statementMap":{"0":{"start":{"line":1,"column":22},"end":{"line":1,"column":42}},"1":{"start":{"line":3,"column":0},"end":{"line":18,"column":2}},"2":{"start":{"line":4,"column":15},"end":{"line":15,"column":4}},"3":{"start":{"line":17,"column":2},"end":{"line":17,"column":14}}},"fnMap":{"0":{"name":"(anonymous_0)","decl":{"start":{"line":3,"column":17},"end":{"line":3,"column":18}},"loc":{"start":{"line":3,"column":32},"end":{"line":18,"column":1}},"line":3}},"branchMap":{},"s":{"0":1,"1":1,"2":1,"3":1},"f":{"0":1},"b":{},"_coverageSchema":"1a1c01bbd47fc00a2c39e90264f33305004495a9","hash":"88deda32e12443263abe05496c0cb85fe55228ff"}
,"C:\\Users\\justi\\OneDrive\\Documents\\Capstone\\DONaid\\server\\src\\models\\message.js": {"path":"C:\\Users\\justi\\OneDrive\\Documents\\Capstone\\DONaid\\server\\src\\models\\message.js","statementMap":{"0":{"start":{"line":1,"column":29},"end":{"line":1,"column":49}},"1":{"start":{"line":2,"column":16},"end":{"line":2,"column":39}},"2":{"start":{"line":3,"column":26},"end":{"line":3,"column":45}},"3":{"start":{"line":8,"column":0},"end":{"line":27,"column":2}},"4":{"start":{"line":30,"column":0},"end":{"line":30,"column":25}}},"fnMap":{},"branchMap":{},"s":{"0":0,"1":0,"2":0,"3":0,"4":0},"f":{},"b":{}}
,"C:\\Users\\justi\\OneDrive\\Documents\\Capstone\\DONaid\\server\\src\\models\\session.js": {"path":"C:\\Users\\justi\\OneDrive\\Documents\\Capstone\\DONaid\\server\\src\\models\\session.js","statementMap":{"0":{"start":{"line":1,"column":22},"end":{"line":1,"column":42}},"1":{"start":{"line":3,"column":0},"end":{"line":10,"column":2}},"2":{"start":{"line":4,"column":18},"end":{"line":7,"column":4}},"3":{"start":{"line":9,"column":2},"end":{"line":9,"column":17}}},"fnMap":{"0":{"name":"(anonymous_0)","decl":{"start":{"line":3,"column":17},"end":{"line":3,"column":18}},"loc":{"start":{"line":3,"column":32},"end":{"line":10,"column":1}},"line":3}},"branchMap":{},"s":{"0":1,"1":1,"2":1,"3":1},"f":{"0":1},"b":{},"_coverageSchema":"1a1c01bbd47fc00a2c39e90264f33305004495a9","hash":"4f21c4c626a8d3ef153cf1254830126870e59ad0"}
,"C:\\Users\\justi\\OneDrive\\Documents\\Capstone\\DONaid\\server\\src\\models\\user.js": {"path":"C:\\Users\\justi\\OneDrive\\Documents\\Capstone\\DONaid\\server\\src\\models\\user.js","statementMap":{"0":{"start":{"line":1,"column":22},"end":{"line":1,"column":42}},"1":{"start":{"line":3,"column":0},"end":{"line":11,"column":2}},"2":{"start":{"line":4,"column":15},"end":{"line":8,"column":4}},"3":{"start":{"line":10,"column":2},"end":{"line":10,"column":14}}},"fnMap":{"0":{"name":"(anonymous_0)","decl":{"start":{"line":3,"column":17},"end":{"line":3,"column":18}},"loc":{"start":{"line":3,"column":32},"end":{"line":11,"column":1}},"line":3}},"branchMap":{},"s":{"0":1,"1":1,"2":1,"3":1},"f":{"0":1},"b":{},"_coverageSchema":"1a1c01bbd47fc00a2c39e90264f33305004495a9","hash":"41b9ca884b55a316d1b09d9c2284e63ca034aa1a"}
,"C:\\Users\\justi\\OneDrive\\Documents\\Capstone\\DONaid\\server\\src\\routes\\authRoutes.js": {"path":"C:\\Users\\justi\\OneDrive\\Documents\\Capstone\\DONaid\\server\\src\\routes\\authRoutes.js","statementMap":{"0":{"start":{"line":1,"column":15},"end":{"line":1,"column":42}},"1":{"start":{"line":7,"column":4},"end":{"line":7,"column":44}},"2":{"start":{"line":8,"column":24},"end":{"line":8,"column":63}},"3":{"start":{"line":10,"column":0},"end":{"line":10,"column":35}},"4":{"start":{"line":11,"column":0},"end":{"line":11,"column":29}},"5":{"start":{"line":12,"column":0},"end":{"line":12,"column":35}},"6":{"start":{"line":13,"column":0},"end":{"line":13,"column":44}},"7":{"start":{"line":15,"column":0},"end":{"line":15,"column":24}}},"fnMap":{},"branchMap":{},"s":{"0":1,"1":1,"2":1,"3":1,"4":1,"5":1,"6":1,"7":1},"f":{},"b":{},"_coverageSchema":"1a1c01bbd47fc00a2c39e90264f33305004495a9","hash":"dcbbae8536bb163d9963c766dea9539aca2b38bb"}
,"C:\\Users\\justi\\OneDrive\\Documents\\Capstone\\DONaid\\server\\src\\routes\\chatRoutes.js": {"path":"C:\\Users\\justi\\OneDrive\\Documents\\Capstone\\DONaid\\server\\src\\routes\\chatRoutes.js","statementMap":{"0":{"start":{"line":1,"column":15},"end":{"line":1,"column":42}},"1":{"start":{"line":5,"column":4},"end":{"line":5,"column":44}},"2":{"start":{"line":6,"column":24},"end":{"line":6,"column":63}},"3":{"start":{"line":8,"column":0},"end":{"line":8,"column":59}},"4":{"start":{"line":9,"column":0},"end":{"line":9,"column":61}},"5":{"start":{"line":11,"column":0},"end":{"line":11,"column":24}}},"fnMap":{},"branchMap":{},"s":{"0":1,"1":1,"2":1,"3":1,"4":1,"5":1},"f":{},"b":{},"_coverageSchema":"1a1c01bbd47fc00a2c39e90264f33305004495a9","hash":"013e63f1f082e4d74a2fbca29edba9012d092c82"}
,"C:\\Users\\justi\\OneDrive\\Documents\\Capstone\\DONaid\\server\\src\\routes\\itemRoutes.js": {"path":"C:\\Users\\justi\\OneDrive\\Documents\\Capstone\\DONaid\\server\\src\\routes\\itemRoutes.js","statementMap":{"0":{"start":{"line":1,"column":15},"end":{"line":1,"column":42}},"1":{"start":{"line":8,"column":4},"end":{"line":8,"column":44}},"2":{"start":{"line":9,"column":24},"end":{"line":9,"column":63}},"3":{"start":{"line":11,"column":0},"end":{"line":11,"column":27}},"4":{"start":{"line":12,"column":0},"end":{"line":12,"column":28}},"5":{"start":{"line":13,"column":0},"end":{"line":13,"column":42}},"6":{"start":{"line":14,"column":0},"end":{"line":14,"column":44}},"7":{"start":{"line":15,"column":0},"end":{"line":15,"column":47}},"8":{"start":{"line":17,"column":0},"end":{"line":17,"column":24}}},"fnMap":{},"branchMap":{},"s":{"0":1,"1":1,"2":1,"3":1,"4":1,"5":1,"6":1,"7":1,"8":1},"f":{},"b":{},"_coverageSchema":"1a1c01bbd47fc00a2c39e90264f33305004495a9","hash":"67c90785d3441b325eb87f2a628f63fe9d6b8998"}
,"C:\\Users\\justi\\OneDrive\\Documents\\Capstone\\DONaid\\server\\src\\services\\sessionService.js": {"path":"C:\\Users\\justi\\OneDrive\\Documents\\Capstone\\DONaid\\server\\src\\services\\sessionService.js","statementMap":{"0":{"start":{"line":1,"column":20},"end":{"line":1,"column":40}},"1":{"start":{"line":4,"column":2},"end":{"line":4,"column":55}},"2":{"start":{"line":8,"column":14},"end":{"line":8,"column":57}},"3":{"start":{"line":9,"column":2},"end":{"line":9,"column":66}},"4":{"start":{"line":13,"column":2},"end":{"line":13,"column":30}},"5":{"start":{"line":13,"column":18},"end":{"line":13,"column":30}},"6":{"start":{"line":14,"column":18},"end":{"line":14,"column":51}},"7":{"start":{"line":15,"column":2},"end":{"line":15,"column":28}},"8":{"start":{"line":15,"column":16},"end":{"line":15,"column":28}},"9":{"start":{"line":16,"column":2},"end":{"line":16,"column":70}},"10":{"start":{"line":16,"column":58},"end":{"line":16,"column":70}},"11":{"start":{"line":17,"column":2},"end":{"line":17,"column":17}},"12":{"start":{"line":21,"column":2},"end":{"line":21,"column":25}},"13":{"start":{"line":21,"column":18},"end":{"line":21,"column":25}},"14":{"start":{"line":22,"column":2},"end":{"line":22,"column":54}},"15":{"start":{"line":25,"column":0},"end":{"line":25,"column":67}}},"fnMap":{"0":{"name":"hoursFromNow","decl":{"start":{"line":3,"column":9},"end":{"line":3,"column":21}},"loc":{"start":{"line":3,"column":29},"end":{"line":5,"column":1}},"line":3},"1":{"name":"createSession","decl":{"start":{"line":7,"column":15},"end":{"line":7,"column":28}},"loc":{"start":{"line":7,"column":37},"end":{"line":10,"column":1}},"line":7},"2":{"name":"getValidSession","decl":{"start":{"line":12,"column":15},"end":{"line":12,"column":30}},"loc":{"start":{"line":12,"column":42},"end":{"line":18,"column":1}},"line":12},"3":{"name":"deleteSession","decl":{"start":{"line":20,"column":15},"end":{"line":20,"column":28}},"loc":{"start":{"line":20,"column":40},"end":{"line":23,"column":1}},"line":20}},"branchMap":{"0":{"loc":{"start":{"line":8,"column":21},"end":{"line":8,"column":56}},"type":"binary-expr","locations":[{"start":{"line":8,"column":21},"end":{"line":8,"column":50}},{"start":{"line":8,"column":54},"end":{"line":8,"column":56}}],"line":8},"1":{"loc":{"start":{"line":13,"column":2},"end":{"line":13,"column":30}},"type":"if","locations":[{"start":{"line":13,"column":2},"end":{"line":13,"column":30}},{"start":{},"end":{}}],"line":13},"2":{"loc":{"start":{"line":15,"column":2},"end":{"line":15,"column":28}},"type":"if","locations":[{"start":{"line":15,"column":2},"end":{"line":15,"column":28}},{"start":{},"end":{}}],"line":15},"3":{"loc":{"start":{"line":16,"column":2},"end":{"line":16,"column":70}},"type":"if","locations":[{"start":{"line":16,"column":2},"end":{"line":16,"column":70}},{"start":{},"end":{}}],"line":16},"4":{"loc":{"start":{"line":21,"column":2},"end":{"line":21,"column":25}},"type":"if","locations":[{"start":{"line":21,"column":2},"end":{"line":21,"column":25}},{"start":{},"end":{}}],"line":21}},"s":{"0":0,"1":0,"2":0,"3":0,"4":0,"5":0,"6":0,"7":0,"8":0,"9":0,"10":0,"11":0,"12":0,"13":0,"14":0,"15":0},"f":{"0":0,"1":0,"2":0,"3":0},"b":{"0":[0,0],"1":[0,0],"2":[0,0],"3":[0,0],"4":[0,0]}}
,"C:\\Users\\justi\\OneDrive\\Documents\\Capstone\\DONaid\\server\\src\\sockets\\socketHandler.js": {"path":"C:\\Users\\justi\\OneDrive\\Documents\\Capstone\\DONaid\\server\\src\\sockets\\socketHandler.js","statementMap":{"0":{"start":{"line":1,"column":19},"end":{"line":1,"column":39}},"1":{"start":{"line":2,"column":28},"end":{"line":2,"column":65}},"2":{"start":{"line":3,"column":20},"end":{"line":3,"column":40}},"3":{"start":{"line":6,"column":13},"end":{"line":8,"column":4}},"4":{"start":{"line":10,"column":2},"end":{"line":20,"column":5}},"5":{"start":{"line":11,"column":4},"end":{"line":19,"column":5}},"6":{"start":{"line":12,"column":24},"end":{"line":12,"column":56}},"7":{"start":{"line":13,"column":22},"end":{"line":13,"column":54}},"8":{"start":{"line":14,"column":6},"end":{"line":14,"column":59}},"9":{"start":{"line":14,"column":20},"end":{"line":14,"column":59}},"10":{"start":{"line":15,"column":6},"end":{"line":15,"column":37}},"11":{"start":{"line":16,"column":6},"end":{"line":16,"column":13}},"12":{"start":{"line":18,"column":6},"end":{"line":18,"column":38}},"13":{"start":{"line":22,"column":2},"end":{"line":44,"column":5}},"14":{"start":{"line":23,"column":4},"end":{"line":25,"column":7}},"15":{"start":{"line":24,"column":6},"end":{"line":24,"column":36}},"16":{"start":{"line":27,"column":4},"end":{"line":43,"column":7}},"17":{"start":{"line":28,"column":6},"end":{"line":28,"column":46}},"18":{"start":{"line":28,"column":39},"end":{"line":28,"column":46}},"19":{"start":{"line":30,"column":22},"end":{"line":34,"column":8}},"20":{"start":{"line":36,"column":6},"end":{"line":42,"column":9}},"21":{"start":{"line":47,"column":0},"end":{"line":47,"column":33}}},"fnMap":{"0":{"name":"initSockets","decl":{"start":{"line":5,"column":9},"end":{"line":5,"column":20}},"loc":{"start":{"line":5,"column":33},"end":{"line":45,"column":1}},"line":5},"1":{"name":"(anonymous_1)","decl":{"start":{"line":10,"column":9},"end":{"line":10,"column":10}},"loc":{"start":{"line":10,"column":33},"end":{"line":20,"column":3}},"line":10},"2":{"name":"(anonymous_2)","decl":{"start":{"line":22,"column":22},"end":{"line":22,"column":23}},"loc":{"start":{"line":22,"column":34},"end":{"line":44,"column":3}},"line":22},"3":{"name":"(anonymous_3)","decl":{"start":{"line":23,"column":26},"end":{"line":23,"column":27}},"loc":{"start":{"line":23,"column":42},"end":{"line":25,"column":5}},"line":23},"4":{"name":"(anonymous_4)","decl":{"start":{"line":27,"column":29},"end":{"line":27,"column":30}},"loc":{"start":{"line":27,"column":60},"end":{"line":43,"column":5}},"line":27}},"branchMap":{"0":{"loc":{"start":{"line":14,"column":6},"end":{"line":14,"column":59}},"type":"if","locations":[{"start":{"line":14,"column":6},"end":{"line":14,"column":59}},{"start":{},"end":{}}],"line":14},"1":{"loc":{"start":{"line":28,"column":6},"end":{"line":28,"column":46}},"type":"if","locations":[{"start":{"line":28,"column":6},"end":{"line":28,"column":46}},{"start":{},"end":{}}],"line":28},"2":{"loc":{"start":{"line":28,"column":10},"end":{"line":28,"column":37}},"type":"binary-expr","locations":[{"start":{"line":28,"column":10},"end":{"line":28,"column":18}},{"start":{"line":28,"column":22},"end":{"line":28,"column":37}}],"line":28}},"s":{"0":0,"1":0,"2":0,"3":0,"4":0,"5":0,"6":0,"7":0,"8":0,"9":0,"10":0,"11":0,"12":0,"13":0,"14":0,"15":0,"16":0,"17":0,"18":0,"19":0,"20":0,"21":0},"f":{"0":0,"1":0,"2":0,"3":0,"4":0},"b":{"0":[0,0],"1":[0,0],"2":[0,0]}}
,"C:\\Users\\justi\\OneDrive\\Documents\\Capstone\\DONaid\\server\\src\\utility\\fileUpload.js": {"path":"C:\\Users\\justi\\OneDrive\\Documents\\Capstone\\DONaid\\server\\src\\utility\\fileUpload.js","statementMap":{"0":{"start":{"line":1,"column":11},"end":{"line":1,"column":24}},"1":{"start":{"line":2,"column":13},"end":{"line":2,"column":28}},"2":{"start":{"line":5,"column":2},"end":{"line":5,"column":66}},"3":{"start":{"line":5,"column":27},"end":{"line":5,"column":66}},"4":{"start":{"line":9,"column":2},"end":{"line":9,"column":28}},"5":{"start":{"line":9,"column":16},"end":{"line":9,"column":28}},"6":{"start":{"line":11,"column":16},"end":{"line":11,"column":64}},"7":{"start":{"line":12,"column":2},"end":{"line":13,"column":74}},"8":{"start":{"line":13,"column":4},"end":{"line":13,"column":74}},"9":{"start":{"line":15,"column":15},"end":{"line":15,"column":23}},"10":{"start":{"line":16,"column":17},"end":{"line":16,"column":25}},"11":{"start":{"line":17,"column":14},"end":{"line":17,"column":32}},"12":{"start":{"line":19,"column":19},"end":{"line":19,"column":85}},"13":{"start":{"line":20,"column":2},"end":{"line":20,"column":24}},"14":{"start":{"line":22,"column":19},"end":{"line":22,"column":50}},"15":{"start":{"line":23,"column":2},"end":{"line":23,"column":60}},"16":{"start":{"line":25,"column":2},"end":{"line":25,"column":18}},"17":{"start":{"line":28,"column":0},"end":{"line":28,"column":38}}},"fnMap":{"0":{"name":"ensureDir","decl":{"start":{"line":4,"column":9},"end":{"line":4,"column":18}},"loc":{"start":{"line":4,"column":24},"end":{"line":6,"column":1}},"line":4},"1":{"name":"saveDataUrlImage","decl":{"start":{"line":8,"column":9},"end":{"line":8,"column":25}},"loc":{"start":{"line":8,"column":47},"end":{"line":26,"column":1}},"line":8}},"branchMap":{"0":{"loc":{"start":{"line":5,"column":2},"end":{"line":5,"column":66}},"type":"if","locations":[{"start":{"line":5,"column":2},"end":{"line":5,"column":66}},{"start":{},"end":{}}],"line":5},"1":{"loc":{"start":{"line":9,"column":2},"end":{"line":9,"column":28}},"type":"if","locations":[{"start":{"line":9,"column":2},"end":{"line":9,"column":28}},{"start":{},"end":{}}],"line":9},"2":{"loc":{"start":{"line":12,"column":2},"end":{"line":13,"column":74}},"type":"if","locations":[{"start":{"line":12,"column":2},"end":{"line":13,"column":74}},{"start":{},"end":{}}],"line":12}},"s":{"0":1,"1":1,"2":0,"3":0,"4":0,"5":0,"6":0,"7":0,"8":0,"9":0,"10":0,"11":0,"12":0,"13":0,"14":0,"15":0,"16":0,"17":1},"f":{"0":0,"1":0},"b":{"0":[0,0],"1":[0,0],"2":[0,0]},"_coverageSchema":"1a1c01bbd47fc00a2c39e90264f33305004495a9","hash":"6e249643644e6f33e4741bcd2d506295975d2db7"}
,"C:\\Users\\justi\\OneDrive\\Documents\\Capstone\\DONaid\\server\\src\\utility\\password.js": {"path":"C:\\Users\\justi\\OneDrive\\Documents\\Capstone\\DONaid\\server\\src\\utility\\password.js","statementMap":{"0":{"start":{"line":1,"column":15},"end":{"line":1,"column":32}},"1":{"start":{"line":3,"column":19},"end":{"line":3,"column":25}},"2":{"start":{"line":4,"column":15},"end":{"line":4,"column":17}},"3":{"start":{"line":5,"column":15},"end":{"line":5,"column":23}},"4":{"start":{"line":8,"column":15},"end":{"line":8,"column":53}},"5":{"start":{"line":9,"column":18},"end":{"line":11,"column":20}},"6":{"start":{"line":12,"column":2},"end":{"line":12,"column":61}},"7":{"start":{"line":16,"column":47},"end":{"line":16,"column":64}},"8":{"start":{"line":17,"column":2},"end":{"line":17,"column":38}},"9":{"start":{"line":17,"column":25},"end":{"line":17,"column":38}},"10":{"start":{"line":18,"column":21},"end":{"line":18,"column":34}},"11":{"start":{"line":19,"column":16},"end":{"line":21,"column":20}},"12":{"start":{"line":23,"column":2},"end":{"line":23,"column":74}},"13":{"start":{"line":26,"column":0},"end":{"line":26,"column":50}}},"fnMap":{"0":{"name":"hashPassword","decl":{"start":{"line":7,"column":9},"end":{"line":7,"column":21}},"loc":{"start":{"line":7,"column":29},"end":{"line":13,"column":1}},"line":7},"1":{"name":"verifyPassword","decl":{"start":{"line":15,"column":9},"end":{"line":15,"column":23}},"loc":{"start":{"line":15,"column":39},"end":{"line":24,"column":1}},"line":15}},"branchMap":{"0":{"loc":{"start":{"line":17,"column":2},"end":{"line":17,"column":38}},"type":"if","locations":[{"start":{"line":17,"column":2},"end":{"line":17,"column":38}},{"start":{},"end":{}}],"line":17}},"s":{"0":1,"1":1,"2":1,"3":1,"4":0,"5":0,"6":0,"7":0,"8":0,"9":0,"10":0,"11":0,"12":0,"13":1},"f":{"0":0,"1":0},"b":{"0":[0,0]},"_coverageSchema":"1a1c01bbd47fc00a2c39e90264f33305004495a9","hash":"66c45046aa270bf364badb0361e3ba20ea80d297"}
}
